<?xml version="1.0" encoding="UTF-8"?>
<testsuite xmlns:xsi="http://www.w3.org/2001/XMLSchema-instance" xsi:noNamespaceSchemaLocation="https://maven.apache.org/surefire/maven-surefire-plugin/xsd/surefire-test-report-3.0.xsd" version="3.0" name="progressoft.com.pmm.mapper.ParticipantMapperTest" time="0.041" tests="2" errors="0" skipped="0" failures="0">
  <properties>
[...]
</properties>
  <testcase name="should_be_valid_when_maps_to_participant" classname="progressoft.com.pmm.mapper.ParticipantMapperTest" time="0.023"/>
  <testcase name="should_be_valid_when_maps_to_entity" classname="progressoft.com.pmm.mapper.ParticipantMapperTest" time="0.001"/>
</testsuite>